<?xml version="1.0" encoding="UTF-8"?>
<!-- Generated by org.testng.reporters.JUnitXMLReporter -->
<testsuite ignored="0" hostname="LAPTOP-6I2ERQM6" failures="0" tests="4" name="Firefox" time="11.105" errors="0" timestamp="2024-01-22T16:03:30 IST">
  <testcase classname="pac.Test1.VerificationOfEquarzApplication" name="VerifyTheAllSellerHeader" time="0.0">
    <skipped/>
  </testcase> <!-- VerifyTheAllSellerHeader -->
  <testcase classname="pac.Test1.VerificationOfEquarzApplication" name="VerifyTheDiscountedCouponHeader" time="0.001">
    <skipped/>
  </testcase> <!-- VerifyTheDiscountedCouponHeader -->
  <testcase classname="pac.Test1.VerifyTheEquarzApplication" name="VerifyTheAllSellerHeader" time="0.0">
    <skipped/>
  </testcase> <!-- VerifyTheAllSellerHeader -->
  <testcase classname="pac.Test1.VerifyTheEquarzApplication" name="VerifyTheDiscountedCouponHeader" time="0.0">
    <skipped/>
  </testcase> <!-- VerifyTheDiscountedCouponHeader -->
</testsuite> <!-- Firefox -->
